<?xml version="1.0" encoding="UTF-8"?>
<!-- Generated by org.testng.reporters.JUnitXMLReporter -->
<testsuite ignored="0" hostname="LAPTOP-3MA0CK0R" failures="0" tests="27" name="Test" time="48.204" errors="0" timestamp="10 Sep. 2022 20:45:25 GMT">
  <testcase classname="tests.DragAndDropTest" name="dragColumnAtoB" time="1.297"/>
  <testcase classname="tests.DynamicControlsTest" name="verifyCheckBoxRemoved" time="3.465"/>
  <testcase classname="tests.FloatingMenuTest" name="ScrollWindow" time="0.051"/>
  <testcase classname="tests.DynamicContentTest" name="RefreshPage1" time="0.142"/>
  <testcase classname="tests.DynamicContentTest" name="RefreshPage2" time="0.131"/>
  <testcase classname="tests.DynamicControlsTest" name="verifyCheckBoxPresent" time="3.132"/>
  <testcase classname="tests.ContextTest" name="rightClick" time="0.155"/>
  <testcase classname="tests.DynamicControlsTest" name="verifyTextBoxEnabled" time="3.397"/>
  <testcase classname="tests.ContextTest" name="acceptAlert" time="0.01"/>
  <testcase classname="tests.DynamicControlsTest" name="clickOnDisable" time="3.097"/>
  <testcase classname="tests.FileUploadTest" name="VerifyFileUploaded" time="0.153"/>
  <testcase classname="tests.CheckBoxesTest" name="checkBox1" time="0.066"/>
  <testcase classname="tests.CheckBoxesTest" name="checkBox2" time="0.054"/>
  <testcase classname="tests.NotificationTest" name="clickAndVerify" time="0.563"/>
  <testcase classname="tests.DropDownTest" name="dropDownTest1" time="0.138"/>
  <testcase classname="tests.DropDownTest" name="dropDownTest2" time="0.223"/>
  <testcase classname="tests.FrameTestTest" name="SwitchToFrame" time="0.11"/>
  <testcase classname="tests.FrameTestTest" name="VerifyText" time="0.102"/>
  <testcase classname="tests.JavaScriptErrorTest" name="verifyError" time="0.039"/>
  <testcase classname="tests.LoginFailureTest" name="loginWrongIdPass" time="0.261"/>
  <testcase classname="tests.LoginFailureTest" name="errorIsDisplayed" time="0.045"/>
  <testcase classname="tests.FileDownloadTest" name="clickLink" time="0.059"/>
  <testcase classname="tests.FileDownloadTest" name="verifyDownload" time="0.004"/>
  <testcase classname="tests.MouseHoverTest" name="hoverOnUser1" time="0.183"/>
  <testcase classname="tests.MouseHoverTest" name="hoverOnUser2" time="0.15"/>
  <testcase classname="tests.MouseHoverTest" name="hoverOnUser3" time="0.165"/>
  <testcase classname="tests.LoginSuccessTest" name="UserLoggedIn" time="0.223"/>
</testsuite> <!-- Test -->
