<?xml version="1.0" encoding="UTF-8"?>
<testng-results ignored="0" total="2" passed="2" failed="0" skipped="0">
  <reporter-output>
  </reporter-output>
  <suite started-at="2022-09-10T20:45:54Z" name="Default suite" finished-at="2022-09-10T20:45:57Z" duration-ms="3339">
    <groups>
    </groups>
    <test started-at="2022-09-10T20:45:54Z" name="Default test" finished-at="2022-09-10T20:45:57Z" duration-ms="3339">
      <class name="tests.LoginSuccessTest">
        <test-method is-config="true" signature="OpenBrowser()[pri:0, instance:tests.LoginSuccessTest@291caca8]" started-at="2022-09-10T20:45:54Z" name="OpenBrowser" finished-at="2022-09-10T20:45:56Z" duration-ms="2372" status="PASS">
          <reporter-output>
          </reporter-output>
        </test-method> <!-- OpenBrowser -->
        <test-method signature="UserLoggedIn()[pri:0, instance:tests.LoginSuccessTest@291caca8]" started-at="2022-09-10T20:45:56Z" name="UserLoggedIn" finished-at="2022-09-10T20:45:56Z" duration-ms="256" status="PASS">
          <reporter-output>
          </reporter-output>
        </test-method> <!-- UserLoggedIn -->
        <test-method signature="verifyUserLoggedIn()[pri:0, instance:tests.LoginSuccessTest@291caca8]" started-at="2022-09-10T20:45:56Z" name="verifyUserLoggedIn" finished-at="2022-09-10T20:45:56Z" depends-on-methods="tests.LoginSuccessTest.UserLoggedIn" duration-ms="65" status="PASS">
          <reporter-output>
          </reporter-output>
        </test-method> <!-- verifyUserLoggedIn -->
        <test-method is-config="true" signature="afterClass()[pri:0, instance:tests.LoginSuccessTest@291caca8]" started-at="2022-09-10T20:45:56Z" name="afterClass" finished-at="2022-09-10T20:45:57Z" duration-ms="632" status="PASS">
          <reporter-output>
          </reporter-output>
        </test-method> <!-- afterClass -->
      </class> <!-- tests.LoginSuccessTest -->
    </test> <!-- Default test -->
  </suite> <!-- Default suite -->
</testng-results>
